<?xml version="1.0" encoding="UTF-8"?>
<!-- Generated by org.testng.reporters.JUnitXMLReporter -->
<testsuite ignored="0" hostname="DESKTOP-JVC6V4A" failures="0" tests="4" name="Test" time="0.123" errors="0" timestamp="2020-07-30T02:21:27 EDT">
  <testcase classname="qaclickacademy.Mavenjava.RestAPITest" name="deleteTwiter" time="0.009"/>
  <testcase classname="qaclickacademy.Mavenjava.RestAPITest" name="postJira" time="0.001"/>
  <testcase classname="qaclickacademy.Mavenjava.SeleniumTest" name="BrowserAutomation" time="0.001"/>
  <testcase classname="qaclickacademy.Mavenjava.SeleniumTest" name="elementsui" time="0.0"/>
</testsuite> <!-- Test -->
