<?xml version="1.0" encoding="UTF-8"?>
<testng-results ignored="0" total="4" passed="4" failed="0" skipped="0">
  <reporter-output>
  </reporter-output>
  <suite started-at="2020-07-30T02:21:27 EDT" name="Suite" finished-at="2020-07-30T02:21:27 EDT" duration-ms="123">
    <groups>
    </groups>
    <test started-at="2020-07-30T02:21:27 EDT" name="Test" finished-at="2020-07-30T02:21:27 EDT" duration-ms="123">
      <class name="qaclickacademy.Mavenjava.RestAPITest">
        <test-method signature="deleteTwiter()[pri:0, instance:qaclickacademy.Mavenjava.RestAPITest@5906ebcb]" started-at="2020-07-30T02:21:27 EDT" name="deleteTwiter" finished-at="2020-07-30T02:21:27 EDT" duration-ms="9" status="PASS">
          <reporter-output>
          </reporter-output>
        </test-method> <!-- deleteTwiter -->
        <test-method signature="postJira()[pri:0, instance:qaclickacademy.Mavenjava.RestAPITest@5906ebcb]" started-at="2020-07-30T02:21:27 EDT" name="postJira" finished-at="2020-07-30T02:21:27 EDT" duration-ms="1" status="PASS">
          <reporter-output>
          </reporter-output>
        </test-method> <!-- postJira -->
      </class> <!-- qaclickacademy.Mavenjava.RestAPITest -->
      <class name="qaclickacademy.Mavenjava.SeleniumTest">
        <test-method signature="BrowserAutomation()[pri:0, instance:qaclickacademy.Mavenjava.SeleniumTest@258e2e41]" started-at="2020-07-30T02:21:27 EDT" name="BrowserAutomation" finished-at="2020-07-30T02:21:27 EDT" duration-ms="1" status="PASS">
          <reporter-output>
          </reporter-output>
        </test-method> <!-- BrowserAutomation -->
        <test-method signature="elementsui()[pri:0, instance:qaclickacademy.Mavenjava.SeleniumTest@258e2e41]" started-at="2020-07-30T02:21:27 EDT" name="elementsui" finished-at="2020-07-30T02:21:27 EDT" duration-ms="0" status="PASS">
          <reporter-output>
          </reporter-output>
        </test-method> <!-- elementsui -->
      </class> <!-- qaclickacademy.Mavenjava.SeleniumTest -->
    </test> <!-- Test -->
  </suite> <!-- Suite -->
</testng-results>
